Using pre-set license
Built from '2020.2/release' branch; Version is '2020.2.1f1 (270dd8c3da1c) revision 2559448'; Using compiler version '192528614'; Build Type 'Release'
OS: 'Windows 10  (10.0.0) 64bit' Language: 'ko' Physical Memory: 65480 MB
BatchMode: 1, IsHumanControllingUs: 0, StartBugReporterOnCrash: 0, Is64bit: 1, IsPro: 0

 COMMAND LINE ARGUMENTS:
E:\Program Files\2020.2.1f1\Editor\Unity.exe
-adb2
-batchMode
-noUpm
-name
AssetImportWorker0
-projectPath
E:/Unity Projects/MyFirstGameJam
-logFile
Logs/AssetImportWorker0.log
-srvPort
49631
Successfully changed project path to: E:/Unity Projects/MyFirstGameJam
E:/Unity Projects/MyFirstGameJam
Using Asset Import Pipeline V2.
Refreshing native plugins compatible for Editor in 46.19 ms, found 1 plugins.
Preloading 0 native plugins for Editor in 0.00 ms.
Initialize engine version: 2020.2.1f1 (270dd8c3da1c)
[Subsystems] Discovering subsystems at path E:/Program Files/2020.2.1f1/Editor/Data/Resources/UnitySubsystems
[Subsystems] Discovering subsystems at path E:/Unity Projects/MyFirstGameJam/Assets
GfxDevice: creating device client; threaded=0
Direct3D:
    Version:  Direct3D 11.0 [level 11.1]
    Renderer: NVIDIA GeForce RTX 3090 (ID=0x2204)
    Vendor:   
    VRAM:     24348 MB
    Driver:   27.21.14.6089
Initialize mono
Mono path[0] = 'E:/Program Files/2020.2.1f1/Editor/Data/Managed'
Mono path[1] = 'E:/Program Files/2020.2.1f1/Editor/Data/MonoBleedingEdge/lib/mono/unityjit'
Mono config path = 'E:/Program Files/2020.2.1f1/Editor/Data/MonoBleedingEdge/etc'
Using monoOptions --debugger-agent=transport=dt_socket,embedding=1,server=y,suspend=n,address=127.0.0.1:56204
Begin MonoManager ReloadAssembly
Registering precompiled unity dll's ...
Register platform support module: E:/Program Files/2020.2.1f1/Editor/Data/PlaybackEngines/WindowsStandaloneSupport/UnityEditor.WindowsStandalone.Extensions.dll
Registered in 0.000835 seconds.
Native extension for WindowsStandalone target not found
Refreshing native plugins compatible for Editor in 43.99 ms, found 1 plugins.
Preloading 0 native plugins for Editor in 0.00 ms.
Invoked RoslynAnalysisRunner static constructor.
RoslynAnalysisRunner will not be running.
RoslynAnalysisRunner has terminated.
Mono: successfully reloaded assembly
- Completed reload, in  1.592 seconds
Platform modules already initialized, skipping
Registering precompiled user dll's ...
Registered in 0.003432 seconds.
Begin MonoManager ReloadAssembly
Native extension for WindowsStandalone target not found
Refreshing native plugins compatible for Editor in 49.03 ms, found 1 plugins.
Preloading 0 native plugins for Editor in 0.00 ms.
Invoked RoslynAnalysisRunner static constructor.
RoslynAnalysisRunner will not be running.
RoslynAnalysisRunner has terminated.
Mono: successfully reloaded assembly
- Completed reload, in  1.102 seconds
Platform modules already initialized, skipping
========================================================================
Worker process is ready to serve import requests
Launched and connected shader compiler UnityShaderCompiler.exe after 0.05 seconds
Refreshing native plugins compatible for Editor in 0.86 ms, found 1 plugins.
Preloading 0 native plugins for Editor in 0.00 ms.
Unloading 2169 Unused Serialized files (Serialized files now loaded: 0)
System memory in use before: 97.0 MB.
System memory in use after: 97.1 MB.

Unloading 31 unused Assets to reduce memory usage. Loaded Objects now: 2655.
Total: 17.703000 ms (FindLiveObjects: 0.259000 ms CreateObjectMapping: 0.052500 ms MarkObjects: 17.321300 ms  DeleteObjects: 0.068800 ms)

========================================================================
Received Import Request.
  path: Assets/Sprites/DoorTest.png
  artifactKey: Guid(b7518693fd9ba744b916911275408c35) Importer(815301076,1909f56bfc062723c751e8b465ee728b)
Start importing Assets/Sprites/DoorTest.png using Guid(b7518693fd9ba744b916911275408c35) Importer(815301076,1909f56bfc062723c751e8b465ee728b)  -> (artifact id: '9975d68230b3f42e36271c7253891538') in 0.097918 seconds
  Import took 0.101384 seconds .

========================================================================
Received Import Request.
  Time since last request: 15.384888 seconds.
  path: Assets/Scenes/BulletTest.unity
  artifactKey: Guid(c51780d4ef1420740aeec04e46b06856) Importer(815301076,1909f56bfc062723c751e8b465ee728b)
Start importing Assets/Scenes/BulletTest.unity using Guid(c51780d4ef1420740aeec04e46b06856) Importer(815301076,1909f56bfc062723c751e8b465ee728b)  -> (artifact id: 'abeb344ef70d1a3e656c49573e293774') in 0.002671 seconds
  Import took 0.008289 seconds .

========================================================================
Received Import Request.
  Time since last request: 8.904555 seconds.
  path: Assets/Scenes/Game.unity
  artifactKey: Guid(420d1993308ce41fc9c382892a9b6392) Importer(815301076,1909f56bfc062723c751e8b465ee728b)
Start importing Assets/Scenes/Game.unity using Guid(420d1993308ce41fc9c382892a9b6392) Importer(815301076,1909f56bfc062723c751e8b465ee728b)  -> (artifact id: 'f7fd4f5ee418305feb143981f16034cb') in 0.002346 seconds
  Import took 0.005355 seconds .

========================================================================
Received Prepare
Registering precompiled user dll's ...
Registered in 0.005020 seconds.
Begin MonoManager ReloadAssembly
Native extension for WindowsStandalone target not found
Refreshing native plugins compatible for Editor in 192.31 ms, found 1 plugins.
Preloading 0 native plugins for Editor in 0.00 ms.
Invoked RoslynAnalysisRunner static constructor.
RoslynAnalysisRunner will not be running.
RoslynAnalysisRunner has terminated.
Mono: successfully reloaded assembly
- Completed reload, in  2.601 seconds
Platform modules already initialized, skipping
Shader 'Universal Render Pipeline/Nature/SpeedTree7': dependency 'BillboardShader' shader 'Universal Render Pipeline/Nature/SpeedTree7 Billboard' not found
Shader 'Universal Render Pipeline/Baked Lit': fallback shader 'Universal Render Pipeline/Unlit' not found
Shader 'Universal Render Pipeline/Simple Lit': fallback shader 'Hidden/Universal Render Pipeline/FallbackError' not found
Shader 'Universal Render Pipeline/Terrain/Lit': fallback shader 'Hidden/Universal Render Pipeline/FallbackError' not found
Shader 'Universal Render Pipeline/Terrain/Lit': dependency 'AddPassShader' shader 'Hidden/Universal Render Pipeline/Terrain/Lit (Add Pass)' not found
Shader 'Universal Render Pipeline/Terrain/Lit': dependency 'BaseMapShader' shader 'Hidden/Universal Render Pipeline/Terrain/Lit (Base Pass)' not found
Shader 'Universal Render Pipeline/Terrain/Lit': dependency 'BaseMapGenShader' shader 'Hidden/Universal Render Pipeline/Terrain/Lit (Basemap Gen)' not found
Shader 'Hidden/Universal Render Pipeline/Terrain/Lit (Add Pass)': fallback shader 'Hidden/Universal Render Pipeline/FallbackError' not found
Shader 'Hidden/Universal Render Pipeline/Terrain/Lit (Base Pass)': fallback shader 'Hidden/Universal Render Pipeline/FallbackError' not found
Shader 'Universal Render Pipeline/Particles/Lit': fallback shader 'Universal Render Pipeline/Particles/SimpleLit' not found
Shader 'Universal Render Pipeline/Particles/Lit': fallback shader 'Universal Render Pipeline/Particles/SimpleLit' not found
Refreshing native plugins compatible for Editor in 0.89 ms, found 1 plugins.
Preloading 0 native plugins for Editor in 0.00 ms.
Unloading 3243 Unused Serialized files (Serialized files now loaded: 0)
System memory in use before: 139.2 MB.
System memory in use after: 136.0 MB.

Unloading 74 unused Assets to reduce memory usage. Loaded Objects now: 3694.
Total: 20.694500 ms (FindLiveObjects: 0.497200 ms CreateObjectMapping: 0.142500 ms MarkObjects: 18.410000 ms  DeleteObjects: 1.643400 ms)

========================================================================
Received Import Request.
  Time since last request: 853.425411 seconds.
  path: Assets/Resources/Maps/Test.prefab
  artifactKey: Guid(92f14ee9b3ea04284a2f9d80ad7603f1) Importer(815301076,1909f56bfc062723c751e8b465ee728b)
Start importing Assets/Resources/Maps/Test.prefab using Guid(92f14ee9b3ea04284a2f9d80ad7603f1) Importer(815301076,1909f56bfc062723c751e8b465ee728b)  -> (artifact id: '2b18da1fb4f3dd2b3ba56ec54b8f3f52') in 0.053909 seconds
  Import took 0.060117 seconds .

========================================================================
Received Import Request.
  Time since last request: 0.001814 seconds.
  path: Assets/Resources/Maps/Test.prefab
  artifactKey: Guid(92f14ee9b3ea04284a2f9d80ad7603f1) Importer(815301076,1909f56bfc062723c751e8b465ee728b)
Start importing Assets/Resources/Maps/Test.prefab using Guid(92f14ee9b3ea04284a2f9d80ad7603f1) Importer(815301076,1909f56bfc062723c751e8b465ee728b)  -> (artifact id: '2b18da1fb4f3dd2b3ba56ec54b8f3f52') in 0.008177 seconds
  Import took 0.013354 seconds .

========================================================================
Received Prepare
Registering precompiled user dll's ...
Registered in 0.004391 seconds.
Begin MonoManager ReloadAssembly
Native extension for WindowsStandalone target not found
Refreshing native plugins compatible for Editor in 0.92 ms, found 1 plugins.
Preloading 0 native plugins for Editor in 0.00 ms.
Invoked RoslynAnalysisRunner static constructor.
RoslynAnalysisRunner will not be running.
RoslynAnalysisRunner has terminated.
Mono: successfully reloaded assembly
- Completed reload, in  1.108 seconds
Platform modules already initialized, skipping
Shader 'Universal Render Pipeline/Particles/Lit': fallback shader 'Universal Render Pipeline/Particles/SimpleLit' not found
Shader 'Universal Render Pipeline/Particles/Lit': fallback shader 'Universal Render Pipeline/Particles/SimpleLit' not found
Refreshing native plugins compatible for Editor in 0.94 ms, found 1 plugins.
Preloading 0 native plugins for Editor in 0.00 ms.
Unloading 3243 Unused Serialized files (Serialized files now loaded: 0)
System memory in use before: 139.7 MB.
System memory in use after: 136.5 MB.

Unloading 74 unused Assets to reduce memory usage. Loaded Objects now: 3701.
Total: 21.649800 ms (FindLiveObjects: 0.454900 ms CreateObjectMapping: 0.080100 ms MarkObjects: 19.115100 ms  DeleteObjects: 1.998000 ms)

========================================================================
Received Prepare
Registering precompiled user dll's ...
Registered in 0.004401 seconds.
Begin MonoManager ReloadAssembly
Native extension for WindowsStandalone target not found
Refreshing native plugins compatible for Editor in 0.90 ms, found 1 plugins.
Preloading 0 native plugins for Editor in 0.00 ms.
Invoked RoslynAnalysisRunner static constructor.
RoslynAnalysisRunner will not be running.
RoslynAnalysisRunner has terminated.
Mono: successfully reloaded assembly
- Completed reload, in  1.107 seconds
Platform modules already initialized, skipping
Shader 'Universal Render Pipeline/Particles/Lit': fallback shader 'Universal Render Pipeline/Particles/SimpleLit' not found
Shader 'Universal Render Pipeline/Particles/Lit': fallback shader 'Universal Render Pipeline/Particles/SimpleLit' not found
Refreshing native plugins compatible for Editor in 0.87 ms, found 1 plugins.
Preloading 0 native plugins for Editor in 0.00 ms.
Unloading 3243 Unused Serialized files (Serialized files now loaded: 0)
System memory in use before: 139.9 MB.
System memory in use after: 136.7 MB.

Unloading 74 unused Assets to reduce memory usage. Loaded Objects now: 3704.
Total: 21.377200 ms (FindLiveObjects: 0.441600 ms CreateObjectMapping: 0.076200 ms MarkObjects: 18.906900 ms  DeleteObjects: 1.950700 ms)

========================================================================
Received Prepare
Registering precompiled user dll's ...
Registered in 0.004539 seconds.
Begin MonoManager ReloadAssembly
Native extension for WindowsStandalone target not found
Refreshing native plugins compatible for Editor in 1.02 ms, found 1 plugins.
Preloading 0 native plugins for Editor in 0.00 ms.
Invoked RoslynAnalysisRunner static constructor.
RoslynAnalysisRunner will not be running.
RoslynAnalysisRunner has terminated.
Mono: successfully reloaded assembly
- Completed reload, in  1.134 seconds
Platform modules already initialized, skipping
Shader 'Universal Render Pipeline/Particles/Lit': fallback shader 'Universal Render Pipeline/Particles/SimpleLit' not found
Shader 'Universal Render Pipeline/Particles/Lit': fallback shader 'Universal Render Pipeline/Particles/SimpleLit' not found
Refreshing native plugins compatible for Editor in 0.89 ms, found 1 plugins.
Preloading 0 native plugins for Editor in 0.00 ms.
Unloading 3243 Unused Serialized files (Serialized files now loaded: 0)
System memory in use before: 140.1 MB.
System memory in use after: 136.9 MB.

Unloading 74 unused Assets to reduce memory usage. Loaded Objects now: 3707.
Total: 21.927600 ms (FindLiveObjects: 0.435600 ms CreateObjectMapping: 0.080000 ms MarkObjects: 19.312400 ms  DeleteObjects: 2.097500 ms)

========================================================================
Received Import Request.
  Time since last request: 2390.885690 seconds.
  path: Assets/UniversalRenderPipelineAsset.asset
  artifactKey: Guid(4ba06670ca5848a4e921ac933582b266) Importer(815301076,1909f56bfc062723c751e8b465ee728b)
Start importing Assets/UniversalRenderPipelineAsset.asset using Guid(4ba06670ca5848a4e921ac933582b266) Importer(815301076,1909f56bfc062723c751e8b465ee728b)  -> (artifact id: '7e3a23653182b98d7397a8fa58df7a09') in 0.162476 seconds
  Import took 0.169827 seconds .

========================================================================
Received Import Request.
  Time since last request: 0.634105 seconds.
  path: Assets/UniversalRenderPipelineAsset_Renderer.asset
  artifactKey: Guid(0b1d63e8247a1e34f99a1de254735536) Importer(815301076,1909f56bfc062723c751e8b465ee728b)
Start importing Assets/UniversalRenderPipelineAsset_Renderer.asset using Guid(0b1d63e8247a1e34f99a1de254735536) Importer(815301076,1909f56bfc062723c751e8b465ee728b)  -> (artifact id: 'a827260d5677dec20e7b22fe84c9e6ad') in 0.024437 seconds
  Import took 0.031039 seconds .

========================================================================
Received Import Request.
  Time since last request: 9.508207 seconds.
  path: Assets/New 2D Renderer Data.asset
  artifactKey: Guid(0c5c823e35d33eb4da4cb24fdad011f7) Importer(815301076,1909f56bfc062723c751e8b465ee728b)
Start importing Assets/New 2D Renderer Data.asset using Guid(0c5c823e35d33eb4da4cb24fdad011f7) Importer(815301076,1909f56bfc062723c751e8b465ee728b)  -> (artifact id: 'cc593bebaf034beb84b7b3a75b871c66') in 0.044011 seconds
  Import took 0.050486 seconds .

========================================================================
Received Import Request.
  Time since last request: 16.013605 seconds.
  path: Assets/MainRenderer.asset
  artifactKey: Guid(0b1d63e8247a1e34f99a1de254735536) Importer(815301076,1909f56bfc062723c751e8b465ee728b)
Start importing Assets/MainRenderer.asset using Guid(0b1d63e8247a1e34f99a1de254735536) Importer(815301076,1909f56bfc062723c751e8b465ee728b)  -> (artifact id: 'be7550f33674df92005bec0d4871927e') in 0.021812 seconds
  Import took 0.028250 seconds .

========================================================================
Received Import Request.
  Time since last request: 3.499059 seconds.
  path: Assets/2DRenderer.asset
  artifactKey: Guid(0c5c823e35d33eb4da4cb24fdad011f7) Importer(815301076,1909f56bfc062723c751e8b465ee728b)
Start importing Assets/2DRenderer.asset using Guid(0c5c823e35d33eb4da4cb24fdad011f7) Importer(815301076,1909f56bfc062723c751e8b465ee728b)  -> (artifact id: 'ba2bb8a39eeb49acae9586539c50136f') in 0.022670 seconds
  Import took 0.029097 seconds .

========================================================================
Received Import Request.
  Time since last request: 77.366951 seconds.
  path: Assets/Scenes/Game.unity
  artifactKey: Guid(420d1993308ce41fc9c382892a9b6392) Importer(815301076,1909f56bfc062723c751e8b465ee728b)
Start importing Assets/Scenes/Game.unity using Guid(420d1993308ce41fc9c382892a9b6392) Importer(815301076,1909f56bfc062723c751e8b465ee728b)  -> (artifact id: '6f5ba24a91afd72040311d29573b755f') in 0.002595 seconds
  Import took 0.007548 seconds .

========================================================================
Received Import Request.
  Time since last request: 0.001433 seconds.
  path: Assets/Scenes/Game.unity
  artifactKey: Guid(420d1993308ce41fc9c382892a9b6392) Importer(815301076,1909f56bfc062723c751e8b465ee728b)
Start importing Assets/Scenes/Game.unity using Guid(420d1993308ce41fc9c382892a9b6392) Importer(815301076,1909f56bfc062723c751e8b465ee728b)  -> (artifact id: '6f5ba24a91afd72040311d29573b755f') in 0.001998 seconds
  Import took 0.005612 seconds .

========================================================================
Received Prepare
Registering precompiled user dll's ...
Registered in 0.006108 seconds.
Begin MonoManager ReloadAssembly
Native extension for WindowsStandalone target not found
Refreshing native plugins compatible for Editor in 0.89 ms, found 1 plugins.
Preloading 0 native plugins for Editor in 0.00 ms.
Invoked RoslynAnalysisRunner static constructor.
RoslynAnalysisRunner will not be running.
RoslynAnalysisRunner has terminated.
Mono: successfully reloaded assembly
- Completed reload, in  1.123 seconds
Platform modules already initialized, skipping
Shader 'Universal Render Pipeline/Particles/Lit': fallback shader 'Universal Render Pipeline/Particles/SimpleLit' not found
Shader 'Universal Render Pipeline/Particles/Lit': fallback shader 'Universal Render Pipeline/Particles/SimpleLit' not found
Refreshing native plugins compatible for Editor in 1.06 ms, found 1 plugins.
Preloading 0 native plugins for Editor in 0.00 ms.
Unloading 3243 Unused Serialized files (Serialized files now loaded: 0)
System memory in use before: 140.3 MB.
System memory in use after: 137.1 MB.

Unloading 74 unused Assets to reduce memory usage. Loaded Objects now: 3710.
Total: 23.139100 ms (FindLiveObjects: 0.421000 ms CreateObjectMapping: 0.079700 ms MarkObjects: 20.343600 ms  DeleteObjects: 2.292500 ms)

========================================================================
Received Prepare
Registering precompiled user dll's ...
Registered in 0.004202 seconds.
Begin MonoManager ReloadAssembly
Native extension for WindowsStandalone target not found
Refreshing native plugins compatible for Editor in 0.96 ms, found 1 plugins.
Preloading 0 native plugins for Editor in 0.00 ms.
Invoked RoslynAnalysisRunner static constructor.
RoslynAnalysisRunner will not be running.
RoslynAnalysisRunner has terminated.
Mono: successfully reloaded assembly
- Completed reload, in  1.101 seconds
Platform modules already initialized, skipping
Shader 'Universal Render Pipeline/Particles/Lit': fallback shader 'Universal Render Pipeline/Particles/SimpleLit' not found
Shader 'Universal Render Pipeline/Particles/Lit': fallback shader 'Universal Render Pipeline/Particles/SimpleLit' not found
Refreshing native plugins compatible for Editor in 0.90 ms, found 1 plugins.
Preloading 0 native plugins for Editor in 0.00 ms.
Unloading 3243 Unused Serialized files (Serialized files now loaded: 0)
System memory in use before: 140.5 MB.
System memory in use after: 137.3 MB.

Unloading 74 unused Assets to reduce memory usage. Loaded Objects now: 3713.
Total: 23.183500 ms (FindLiveObjects: 0.458300 ms CreateObjectMapping: 0.079300 ms MarkObjects: 20.615400 ms  DeleteObjects: 2.028400 ms)

========================================================================
Received Prepare
Registering precompiled user dll's ...
Registered in 0.004362 seconds.
Begin MonoManager ReloadAssembly
Native extension for WindowsStandalone target not found
Refreshing native plugins compatible for Editor in 0.92 ms, found 1 plugins.
Preloading 0 native plugins for Editor in 0.00 ms.
Invoked RoslynAnalysisRunner static constructor.
RoslynAnalysisRunner will not be running.
RoslynAnalysisRunner has terminated.
Mono: successfully reloaded assembly
- Completed reload, in  1.093 seconds
Platform modules already initialized, skipping
Shader 'Universal Render Pipeline/Particles/Lit': fallback shader 'Universal Render Pipeline/Particles/SimpleLit' not found
Shader 'Universal Render Pipeline/Particles/Lit': fallback shader 'Universal Render Pipeline/Particles/SimpleLit' not found
Refreshing native plugins compatible for Editor in 0.87 ms, found 1 plugins.
Preloading 0 native plugins for Editor in 0.00 ms.
Unloading 3243 Unused Serialized files (Serialized files now loaded: 0)
System memory in use before: 140.7 MB.
System memory in use after: 137.5 MB.

Unloading 74 unused Assets to reduce memory usage. Loaded Objects now: 3716.
Total: 21.781000 ms (FindLiveObjects: 0.409300 ms CreateObjectMapping: 0.081500 ms MarkObjects: 19.169200 ms  DeleteObjects: 2.119700 ms)

========================================================================
Received Prepare
Registering precompiled user dll's ...
Registered in 0.004351 seconds.
Begin MonoManager ReloadAssembly
Native extension for WindowsStandalone target not found
Refreshing native plugins compatible for Editor in 0.97 ms, found 1 plugins.
Preloading 0 native plugins for Editor in 0.00 ms.
Invoked RoslynAnalysisRunner static constructor.
RoslynAnalysisRunner will not be running.
RoslynAnalysisRunner has terminated.
Mono: successfully reloaded assembly
- Completed reload, in  1.129 seconds
Platform modules already initialized, skipping
Shader 'Universal Render Pipeline/Particles/Lit': fallback shader 'Universal Render Pipeline/Particles/SimpleLit' not found
Shader 'Universal Render Pipeline/Particles/Lit': fallback shader 'Universal Render Pipeline/Particles/SimpleLit' not found
Refreshing native plugins compatible for Editor in 0.87 ms, found 1 plugins.
Preloading 0 native plugins for Editor in 0.00 ms.
Unloading 3243 Unused Serialized files (Serialized files now loaded: 0)
System memory in use before: 140.9 MB.
System memory in use after: 137.7 MB.

Unloading 74 unused Assets to reduce memory usage. Loaded Objects now: 3719.
Total: 21.971100 ms (FindLiveObjects: 0.409300 ms CreateObjectMapping: 0.076800 ms MarkObjects: 19.453400 ms  DeleteObjects: 2.029700 ms)

========================================================================
Received Import Request.
  Time since last request: 596.244894 seconds.
  path: Assets/MapEditor/AncientTemple/Tileset_6.asset
  artifactKey: Guid(832349f5dd4faff449212fe154a83992) Importer(815301076,1909f56bfc062723c751e8b465ee728b)
Start importing Assets/MapEditor/AncientTemple/Tileset_6.asset using Guid(832349f5dd4faff449212fe154a83992) Importer(815301076,1909f56bfc062723c751e8b465ee728b)  -> (artifact id: 'f24e3e3c5fb6689fdd447d583e9d119a') in 0.044731 seconds
  Import took 0.050902 seconds .

========================================================================
Received Import Request.
  Time since last request: 24.334971 seconds.
  path: Assets/New Road Tile.Asset
  artifactKey: Guid(837be758f93f1514d91eae93e7fa955d) Importer(815301076,1909f56bfc062723c751e8b465ee728b)
Start importing Assets/New Road Tile.Asset using Guid(837be758f93f1514d91eae93e7fa955d) Importer(815301076,1909f56bfc062723c751e8b465ee728b)  -> (artifact id: '976ba3a6c0fde00532e2417e74d38f11') in 0.004373 seconds
  Import took 0.009595 seconds .

========================================================================
Received Import Request.
  Time since last request: 0.066857 seconds.
  path: Assets/New Road Tile.Asset
  artifactKey: Guid(837be758f93f1514d91eae93e7fa955d) Importer(815301076,1909f56bfc062723c751e8b465ee728b)
Start importing Assets/New Road Tile.Asset using Guid(837be758f93f1514d91eae93e7fa955d) Importer(815301076,1909f56bfc062723c751e8b465ee728b)  -> (artifact id: '976ba3a6c0fde00532e2417e74d38f11') in 0.002127 seconds
  Import took 0.007159 seconds .

